Build started 19/10/2015 11:05:53.
     1>Project "C:\Users\Sid\Documents\Visual Studio 2015\Projects\Pathfinding\Pathfinding\Pathfinding.vcxproj" on node 2 (Build target(s)).
     1>ClCompile:
         C:\Program Files (x86)\Microsoft Visual Studio 14.0\VC\bin\CL.exe /c /ZI /nologo /W3 /WX- /sdl /Od /Oy- /D WIN32 /D _DEBUG /D _CONSOLE /D _UNICODE /D UNICODE /Gm /EHsc /RTC1 /MDd /GS /fp:precise /Zc:wchar_t /Zc:forScope /Zc:inline /Fo"Debug\\" /Fd"Debug\vc140.pdb" /Gd /TP /analyze- /errorReport:prompt Coordinate.cpp Node.cpp PathfindingAPI.cpp PathfindingSolver.cpp main.cpp
         main.cpp
         PathfindingSolver.cpp
         Node.cpp
     1>c:\users\sid\documents\visual studio 2015\projects\pathfinding\pathfinding\node.cpp(25): warning C4244: '=': conversion from 'double' to 'int', possible loss of data
         Coordinate.cpp
         Generating Code...
         Compiling...
         PathfindingAPI.cpp
         Generating Code...
       Link:
         C:\Program Files (x86)\Microsoft Visual Studio 14.0\VC\bin\link.exe /ERRORREPORT:PROMPT /OUT:"C:\Users\Sid\Documents\Visual Studio 2015\Projects\Pathfinding\Debug\Pathfinding.exe" /INCREMENTAL /NOLOGO kernel32.lib user32.lib gdi32.lib winspool.lib comdlg32.lib advapi32.lib shell32.lib ole32.lib oleaut32.lib uuid.lib odbc32.lib odbccp32.lib /MANIFEST /MANIFESTUAC:"level='asInvoker' uiAccess='false'" /manifest:embed /Debug /PDB:"C:\Users\Sid\Documents\Visual Studio 2015\Projects\Pathfinding\Debug\Pathfinding.pdb" /SUBSYSTEM:CONSOLE /TLBID:1 /DYNAMICBASE /NXCOMPAT /IMPLIB:"C:\Users\Sid\Documents\Visual Studio 2015\Projects\Pathfinding\Debug\Pathfinding.lib" /MACHINE:X86 Debug\main.obj
         Debug\Node.obj
         Debug\PathfindingSolver.obj
         Debug\PathfindingAPI.obj
         Debug\Coordinate.obj
         Pathfinding.vcxproj -> C:\Users\Sid\Documents\Visual Studio 2015\Projects\Pathfinding\Debug\Pathfinding.exe
     1>Done Building Project "C:\Users\Sid\Documents\Visual Studio 2015\Projects\Pathfinding\Pathfinding\Pathfinding.vcxproj" (Build target(s)).

Build succeeded.

Time Elapsed 00:00:01.31
